{"time":"2026-01-08T16:11:06.721067654Z","level":"INFO","msg":"logging initialized","level":"info","format":"json","output":"stdout"}
{"time":"2026-01-08T16:11:06.723419434Z","level":"INFO","msg":"replaced default pg_hba.conf template","path":"/etc/pgctld/pg_hba_template.conf"}
{"time":"2026-01-08T16:11:06.725201675Z","level":"INFO","msg":"Using fully qualified hostname for service URL","hostname":"multipooler-zone1-1.multipooler-zone1.default.svc.cluster.local"}
{"time":"2026-01-08T16:11:06.72533055Z","level":"INFO","msg":"Setting listening URL","hostname":"multipooler-zone1-1.multipooler-zone1.default.svc.cluster.local","port":0}
{"time":"2026-01-08T16:11:06.725359758Z","level":"INFO","msg":"Setting grpc max message size","msgSize":16777216}
{"time":"2026-01-08T16:11:06.725403508Z","level":"INFO","msg":"Building interceptors","unary":0,"stream":0}
{"time":"2026-01-08T16:11:06.725456632Z","level":"INFO","msg":"pgctld server starting up","grpc_port":16200}
{"time":"2026-01-08T16:11:06.725485424Z","level":"INFO","msg":"Registering pgctld for grpc, disable it with -grpc-pgctld service_map parameter"}
{"time":"2026-01-08T16:11:06.725509424Z","level":"INFO","msg":"Listening for gRPC calls on port","grpcPort":16200}
{"time":"2026-01-08T16:11:06.727055083Z","level":"INFO","msg":"Listening on socket file for gRPC","name":"/data/pgctld.sock"}
{"time":"2026-01-08T16:11:06.727128291Z","level":"INFO","msg":"HTTP port was dynamically allocated","requested_port":0,"actual_port":33677}
{"time":"2026-01-08T16:11:06.727157124Z","level":"INFO","msg":"Setting listening URL","hostname":"multipooler-zone1-1.multipooler-zone1.default.svc.cluster.local","port":33677}
{"time":"2026-01-08T16:11:06.727208915Z","level":"INFO","msg":"Listening for HTTP calls on port","httpPort":0}
{"time":"2026-01-08T16:11:06.727245748Z","level":"INFO","msg":"service successfully started","port":0}
{"time":"2026-01-08T16:11:11.937332536Z","level":"INFO","msg":"gRPC Restart request","mode":"","port":0,"as_standby":true,"trace_id":"df24509e136e9b455b6833dfb58e0828","span_id":"5d1f4aafddb762c4"}
{"time":"2026-01-08T16:11:11.937390036Z","level":"INFO","msg":"Restarting PostgreSQL server as standby","data_dir":"/data/pg_data","mode":""}
{"time":"2026-01-08T16:11:11.93742266Z","level":"INFO","msg":"PostgreSQL is not running, proceeding with start"}
{"time":"2026-01-08T16:11:11.937437619Z","level":"INFO","msg":"Creating standby.signal file","path":"/data/pg_data/standby.signal"}
{"time":"2026-01-08T16:11:11.937840242Z","level":"INFO","msg":"standby.signal created successfully","path":"/data/pg_data/standby.signal"}
{"time":"2026-01-08T16:11:11.937844742Z","level":"INFO","msg":"Starting PostgreSQL server as standby","data_dir":"/data/pg_data","port":5432,"timeout":30}
{"time":"2026-01-08T16:11:11.937936741Z","level":"INFO","msg":"Ensured Unix socket directory exists","socket_dir":"/data/pg_sockets"}
{"time":"2026-01-08T16:11:11.937951491Z","level":"INFO","msg":"Starting PostgreSQL server","data_dir":"/data/pg_data"}
{"time":"2026-01-08T16:11:11.937962658Z","level":"INFO","msg":"Starting PostgreSQL with configuration","port":5432,"dataDir":"/data/pg_data","configFile":"/data/pg_data/postgresql.conf"}
server starting
{"time":"2026-01-08T16:11:12.098444859Z","level":"INFO","msg":"Waiting for PostgreSQL to be ready"}
{"time":"2026-01-08T16:11:13.16995507Z","level":"INFO","msg":"PostgreSQL server started successfully"}
{"time":"2026-01-08T16:11:13.170012361Z","level":"INFO","msg":"PostgreSQL server restarted as standby successfully","pid":24}
{"time":"2026-01-08T16:41:45.597500382Z","level":"INFO","msg":"gRPC Start request","port":0,"trace_id":"7d9831c142c3be2e7d68c5fb0ebb6fbc","span_id":"0d2dc92a36580158"}
{"time":"2026-01-08T16:41:45.597707173Z","level":"INFO","msg":"Ensured Unix socket directory exists","socket_dir":"/data/pg_sockets"}
{"time":"2026-01-08T16:41:45.597719632Z","level":"INFO","msg":"Starting PostgreSQL server","data_dir":"/data/pg_data"}
{"time":"2026-01-08T16:41:45.597752673Z","level":"INFO","msg":"Starting PostgreSQL with configuration","port":5432,"dataDir":"/data/pg_data","configFile":"/data/pg_data/postgresql.conf"}
server starting
{"time":"2026-01-08T16:41:45.613617916Z","level":"INFO","msg":"Waiting for PostgreSQL to be ready"}
{"time":"2026-01-08T16:41:46.339260057Z","level":"INFO","msg":"gRPC Restart request","mode":"fast","port":0,"as_standby":true,"trace_id":"377d704bbf6693b00c27929ad2f7bfa2","span_id":"413817d8b7040fbd"}
{"time":"2026-01-08T16:41:46.339305307Z","level":"INFO","msg":"Restarting PostgreSQL server as standby","data_dir":"/data/pg_data","mode":"fast"}
{"time":"2026-01-08T16:41:46.339383265Z","level":"INFO","msg":"Stopping PostgreSQL server"}
{"time":"2026-01-08T16:41:46.339424765Z","level":"INFO","msg":"Stopping PostgreSQL server","data_dir":"/data/pg_data","mode":"fast"}
{"time":"2026-01-08T16:41:46.339434182Z","level":"INFO","msg":"Taking checkpoint before stopping PostgreSQL","data_dir":"/data/pg_data"}
{"time":"2026-01-08T16:41:46.360420742Z","level":"INFO","msg":"Checkpoint completed successfully","data_dir":"/data/pg_data"}
waiting for server to shut down.... done
server stopped
{"time":"2026-01-08T16:41:46.461229307Z","level":"INFO","msg":"PostgreSQL server stopped successfully"}
{"time":"2026-01-08T16:41:46.461270807Z","level":"INFO","msg":"Creating standby.signal file","path":"/data/pg_data/standby.signal"}
{"time":"2026-01-08T16:41:46.46149264Z","level":"INFO","msg":"standby.signal created successfully","path":"/data/pg_data/standby.signal"}
{"time":"2026-01-08T16:41:46.461520681Z","level":"INFO","msg":"Starting PostgreSQL server as standby","data_dir":"/data/pg_data","port":5432,"timeout":30}
{"time":"2026-01-08T16:41:46.461572431Z","level":"INFO","msg":"Ensured Unix socket directory exists","socket_dir":"/data/pg_sockets"}
{"time":"2026-01-08T16:41:46.461591973Z","level":"INFO","msg":"Starting PostgreSQL server","data_dir":"/data/pg_data"}
{"time":"2026-01-08T16:41:46.461608889Z","level":"INFO","msg":"Starting PostgreSQL with configuration","port":5432,"dataDir":"/data/pg_data","configFile":"/data/pg_data/postgresql.conf"}
server starting
{"time":"2026-01-08T16:41:46.46570921Z","level":"INFO","msg":"Waiting for PostgreSQL to be ready"}
{"time":"2026-01-08T16:41:46.652816426Z","level":"INFO","msg":"PostgreSQL server started successfully"}
{"time":"2026-01-08T16:41:47.494482002Z","level":"INFO","msg":"PostgreSQL server started successfully"}
{"time":"2026-01-08T16:41:47.494500085Z","level":"INFO","msg":"PostgreSQL server restarted as standby successfully","pid":12907}
{"time":"2026-01-08T16:41:50.629999683Z","level":"INFO","msg":"gRPC Stop request","mode":"fast","trace_id":"98bbd124e6604964d628b3731e6b83e1","span_id":"3eef5dad5fc934f5"}
{"time":"2026-01-08T16:41:50.630212724Z","level":"INFO","msg":"Stopping PostgreSQL server","data_dir":"/data/pg_data","mode":"fast"}
{"time":"2026-01-08T16:41:50.630240641Z","level":"INFO","msg":"Taking checkpoint before stopping PostgreSQL","data_dir":"/data/pg_data"}
{"time":"2026-01-08T16:41:50.646597049Z","level":"INFO","msg":"Checkpoint completed successfully","data_dir":"/data/pg_data"}
waiting for server to shut down.... done
server stopped
{"time":"2026-01-08T16:41:50.748121111Z","level":"INFO","msg":"PostgreSQL server stopped successfully"}
{"time":"2026-01-08T16:41:50.748710068Z","level":"INFO","msg":"gRPC PgRewind request","source_host":"multipooler-zone1-0.multipooler-zone1.default.svc.cluster.local","source_port":5432,"dry_run":true,"trace_id":"98bbd124e6604964d628b3731e6b83e1","span_id":"2fe5c55d009cd421"}
{"time":"2026-01-08T16:41:51.246365536Z","level":"INFO","msg":"gRPC PgRewind request","source_host":"multipooler-zone1-0.multipooler-zone1.default.svc.cluster.local","source_port":5432,"dry_run":false,"trace_id":"98bbd124e6604964d628b3731e6b83e1","span_id":"b606d8703f3dbb0c"}
{"time":"2026-01-08T16:41:51.601864817Z","level":"INFO","msg":"gRPC Restart request","mode":"fast","port":0,"as_standby":true,"trace_id":"98bbd124e6604964d628b3731e6b83e1","span_id":"f9e155cc43c5f9f0"}
{"time":"2026-01-08T16:41:51.601916942Z","level":"INFO","msg":"Restarting PostgreSQL server as standby","data_dir":"/data/pg_data","mode":"fast"}
{"time":"2026-01-08T16:41:51.601972858Z","level":"INFO","msg":"PostgreSQL is not running, proceeding with start"}
{"time":"2026-01-08T16:41:51.60198915Z","level":"INFO","msg":"Creating standby.signal file","path":"/data/pg_data/standby.signal"}
{"time":"2026-01-08T16:41:51.602171816Z","level":"INFO","msg":"standby.signal created successfully","path":"/data/pg_data/standby.signal"}
{"time":"2026-01-08T16:41:51.602198732Z","level":"INFO","msg":"Starting PostgreSQL server as standby","data_dir":"/data/pg_data","port":5432,"timeout":30}
{"time":"2026-01-08T16:41:51.602235482Z","level":"INFO","msg":"Ensured Unix socket directory exists","socket_dir":"/data/pg_sockets"}
{"time":"2026-01-08T16:41:51.602259066Z","level":"INFO","msg":"Starting PostgreSQL server","data_dir":"/data/pg_data"}
{"time":"2026-01-08T16:41:51.602281191Z","level":"INFO","msg":"Starting PostgreSQL with configuration","port":5432,"dataDir":"/data/pg_data","configFile":"/data/pg_data/postgresql.conf"}
server starting
{"time":"2026-01-08T16:41:51.60584193Z","level":"INFO","msg":"Waiting for PostgreSQL to be ready"}
{"time":"2026-01-08T16:41:52.619359018Z","level":"ERROR","msg":"PostgreSQL process not running during startup","attempt":1,"error":"open /data/pg_data/postmaster.pid: no such file or directory","postgresql_log_tail":"2026-01-08 16:41:51.679 P00   INFO: archive-get command end: completed successfully (2ms)\n 2026-01-08 16:41:51.679 UTC [13028] LOG:  restored log file \"00000004.history\" from archive\n2026-01-08 16:41:51.682 P00   INFO: archive-get command begin 2.57.0: [00000005.history, pg_wal/RECOVERYHISTORY] --config=/data/pgbackrest/pgbackrest.conf --exec-id=13032-f29fdb25 --lock-path=/data/pgbackrest/lock --log-level-console=info --log-level-file=detail --log-path=/data/pgbackrest/logs --log-subprocess --pg1-path=/data/pg_data --repo1-path=/backups/postgres/default/0-inf --stanza=multigres\n2026-01-08 16:41:51.682 P00   INFO: unable to find 00000005.history in the archive\n2026-01-08 16:41:51.682 P00   INFO: archive-get command end: completed successfully (1ms)\n 2026-01-08 16:41:51.682 UTC [13028] LOG:  starting backup recovery with redo LSN 0/30C9668, checkpoint LSN 0/30C96C0, on timeline ID 1\n2026-01-08 16:41:51.684 P00   INFO: archive-get command begin 2.57.0: [00000004.history, pg_wal/RECOVERYHISTORY] --config=/data/pgbackrest/pgbackrest.conf --exec-id=13034-3d9ff775 --lock-path=/data/pgbackrest/lock --log-level-console=info --log-level-file=detail --log-path=/data/pgbackrest/logs --log-subprocess --pg1-path=/data/pg_data --repo1-path=/backups/postgres/default/0-inf --stanza=multigres\n2026-01-08 16:41:51.684 P00   INFO: found 00000004.history in the repo1: 17-1 archive\n2026-01-08 16:41:51.684 P00   INFO: archive-get command end: completed successfully (1ms)\n 2026-01-08 16:41:51.685 UTC [13028] LOG:  restored log file \"00000004.history\" from archive\n2026-01-08 16:41:51.688 P00   INFO: archive-get command begin 2.57.0: [000000010000000000000003, pg_wal/RECOVERYXLOG] --config=/data/pgbackrest/pgbackrest.conf --exec-id=13036-5701d755 --lock-path=/data/pgbackrest/lock --log-level-console=info --log-level-file=detail --log-path=/data/pgbackrest/logs --log-subprocess --pg1-path=/data/pg_data --repo1-path=/backups/postgres/default/0-inf --stanza=multigres\n[local] 2026-01-08 16:41:51.712 UTC [13038] postgres@postgres FATAL:  the database system is starting up\n2026-01-08 16:41:51.713 P00   INFO: found 000000010000000000000003 in the repo1: 17-1 archive\n2026-01-08 16:41:51.713 P00   INFO: archive-get command end: completed successfully (26ms)\n 2026-01-08 16:41:51.715 UTC [13028] LOG:  restored log file \"000000010000000000000003\" from archive\n 2026-01-08 16:41:51.716 UTC [13028] LOG:  entering standby mode\n 2026-01-08 16:41:51.716 UTC [13028] FATAL:  requested timeline 4 does not contain minimum recovery point 0/6001020 on timeline 3\n 2026-01-08 16:41:51.717 UTC [13024] LOG:  startup process (PID 13028) exited with exit code 1\n 2026-01-08 16:41:51.717 UTC [13024] LOG:  aborting startup due to startup process failure\n 2026-01-08 16:41:51.717 UTC [13024] LOG:  database system is shut down"}
{"time":"2026-01-08T16:41:52.619463476Z","level":"ERROR","msg":"Failed to start PostgreSQL as standby","error":"PostgreSQL failed to become ready: PostgreSQL process not running: open /data/pg_data/postmaster.pid: no such file or directory (check postgresql.log)","data_dir":"/data/pg_data","port":5432}
