{"time":"2026-01-08T16:11:02.806587129Z","level":"INFO","msg":"logging initialized","level":"info","format":"json","output":"stdout"}
{"time":"2026-01-08T16:11:02.809590239Z","level":"INFO","msg":"replaced default pg_hba.conf template","path":"/etc/pgctld/pg_hba_template.conf"}
{"time":"2026-01-08T16:11:02.81041936Z","level":"INFO","msg":"Using fully qualified hostname for service URL","hostname":"multipooler-zone1-0.multipooler-zone1.default.svc.cluster.local"}
{"time":"2026-01-08T16:11:02.81049811Z","level":"INFO","msg":"Setting listening URL","hostname":"multipooler-zone1-0.multipooler-zone1.default.svc.cluster.local","port":0}
{"time":"2026-01-08T16:11:02.810529401Z","level":"INFO","msg":"Setting grpc max message size","msgSize":16777216}
{"time":"2026-01-08T16:11:02.810576526Z","level":"INFO","msg":"Building interceptors","unary":0,"stream":0}
{"time":"2026-01-08T16:11:02.810637651Z","level":"INFO","msg":"pgctld server starting up","grpc_port":16200}
{"time":"2026-01-08T16:11:02.810683859Z","level":"INFO","msg":"Registering pgctld for grpc, disable it with -grpc-pgctld service_map parameter"}
{"time":"2026-01-08T16:11:02.810739817Z","level":"INFO","msg":"Listening for gRPC calls on port","grpcPort":16200}
{"time":"2026-01-08T16:11:02.814386757Z","level":"INFO","msg":"Listening on socket file for gRPC","name":"/data/pgctld.sock"}
{"time":"2026-01-08T16:11:02.815069837Z","level":"INFO","msg":"HTTP port was dynamically allocated","requested_port":0,"actual_port":39329}
{"time":"2026-01-08T16:11:02.815078087Z","level":"INFO","msg":"Setting listening URL","hostname":"multipooler-zone1-0.multipooler-zone1.default.svc.cluster.local","port":39329}
{"time":"2026-01-08T16:11:02.815271294Z","level":"INFO","msg":"Listening for HTTP calls on port","httpPort":0}
{"time":"2026-01-08T16:11:02.815458168Z","level":"INFO","msg":"service successfully started","port":0}
{"time":"2026-01-08T16:11:09.073820824Z","level":"INFO","msg":"gRPC InitDataDir request","trace_id":"224ef7d487165637bd97c15c266ecdad","span_id":"44a94fe6a3e9da48"}
{"time":"2026-01-08T16:11:09.073915907Z","level":"INFO","msg":"Initializing PostgreSQL data directory","data_dir":"/data/pg_data"}
{"time":"2026-01-08T16:11:09.644230361Z","level":"INFO","msg":"initdb completed","output":"The files belonging to this database system will be owned by user \"postgres\".\nThis user must also own the server process.\n\nThe database cluster will be initialized with locale \"en_US.utf8\".\nThe default database encoding has accordingly been set to \"UTF8\".\nThe default text search configuration will be set to \"english\".\n\nData page checksums are enabled.\n\ncreating directory /data/pg_data ... ok\ncreating subdirectories ... ok\nselecting dynamic shared memory implementation ... posix\nselecting default \"max_connections\" ... 100\nselecting default \"shared_buffers\" ... 128MB\nselecting default time zone ... Etc/UTC\ncreating configuration files ... ok\nrunning bootstrap script ... ok\nperforming post-bootstrap initialization ... ok\nsyncing data to disk ... ok\n\nSuccess. You can now start the database server using:\n\n    pg_ctl -D /data/pg_data -l logfile start\n\n"}
{"time":"2026-01-08T16:11:09.644273319Z","level":"WARN","msg":"No password provided - skipping password setup","user":"postgres","warning":"PostgreSQL user will not have password authentication enabled"}
{"time":"2026-01-08T16:11:09.644276027Z","level":"INFO","msg":"PostgreSQL data directory initialized successfully"}
{"time":"2026-01-08T16:11:09.644856566Z","level":"INFO","msg":"PostgreSQL data directory initialized successfully"}
{"time":"2026-01-08T16:11:09.645715437Z","level":"INFO","msg":"gRPC Start request","port":0,"trace_id":"224ef7d487165637bd97c15c266ecdad","span_id":"b274fe23ea35eb35"}
{"time":"2026-01-08T16:11:09.645732895Z","level":"INFO","msg":"Ensured Unix socket directory exists","socket_dir":"/data/pg_sockets"}
{"time":"2026-01-08T16:11:09.645734604Z","level":"INFO","msg":"Starting PostgreSQL server","data_dir":"/data/pg_data"}
{"time":"2026-01-08T16:11:09.645736979Z","level":"INFO","msg":"Starting PostgreSQL with configuration","port":5432,"dataDir":"/data/pg_data","configFile":"/data/pg_data/postgresql.conf"}
server starting
{"time":"2026-01-08T16:11:09.650243123Z","level":"INFO","msg":"Waiting for PostgreSQL to be ready"}
{"time":"2026-01-08T16:11:09.68062543Z","level":"INFO","msg":"PostgreSQL server started successfully"}
{"time":"2026-01-08T16:40:31.795821379Z","level":"INFO","msg":"gRPC Start request","port":0,"trace_id":"64324415a1777cd2cb4e38b51e257afd","span_id":"b39b388ba5918ed8"}
{"time":"2026-01-08T16:40:31.795969713Z","level":"INFO","msg":"Ensured Unix socket directory exists","socket_dir":"/data/pg_sockets"}
{"time":"2026-01-08T16:40:31.795984338Z","level":"INFO","msg":"Starting PostgreSQL server","data_dir":"/data/pg_data"}
{"time":"2026-01-08T16:40:31.796008672Z","level":"INFO","msg":"Starting PostgreSQL with configuration","port":5432,"dataDir":"/data/pg_data","configFile":"/data/pg_data/postgresql.conf"}
server starting
{"time":"2026-01-08T16:40:31.80782806Z","level":"INFO","msg":"Waiting for PostgreSQL to be ready"}
{"time":"2026-01-08T16:40:32.353116062Z","level":"INFO","msg":"gRPC Restart request","mode":"fast","port":0,"as_standby":true,"trace_id":"842a0daee1f06c778eb78104c8118cf8","span_id":"8953204b0916408f"}
{"time":"2026-01-08T16:40:32.353154146Z","level":"INFO","msg":"Restarting PostgreSQL server as standby","data_dir":"/data/pg_data","mode":"fast"}
{"time":"2026-01-08T16:40:32.353251813Z","level":"INFO","msg":"Stopping PostgreSQL server"}
{"time":"2026-01-08T16:40:32.353312813Z","level":"INFO","msg":"Stopping PostgreSQL server","data_dir":"/data/pg_data","mode":"fast"}
{"time":"2026-01-08T16:40:32.35334223Z","level":"INFO","msg":"Taking checkpoint before stopping PostgreSQL","data_dir":"/data/pg_data"}
{"time":"2026-01-08T16:40:32.371022937Z","level":"INFO","msg":"Checkpoint completed successfully","data_dir":"/data/pg_data"}
waiting for server to shut down.... done
server stopped
{"time":"2026-01-08T16:40:32.47410821Z","level":"INFO","msg":"PostgreSQL server stopped successfully"}
{"time":"2026-01-08T16:40:32.474124418Z","level":"INFO","msg":"Creating standby.signal file","path":"/data/pg_data/standby.signal"}
{"time":"2026-01-08T16:40:32.474318294Z","level":"INFO","msg":"standby.signal created successfully","path":"/data/pg_data/standby.signal"}
{"time":"2026-01-08T16:40:32.474325378Z","level":"INFO","msg":"Starting PostgreSQL server as standby","data_dir":"/data/pg_data","port":5432,"timeout":30}
{"time":"2026-01-08T16:40:32.474364086Z","level":"INFO","msg":"Ensured Unix socket directory exists","socket_dir":"/data/pg_sockets"}
{"time":"2026-01-08T16:40:32.474367669Z","level":"INFO","msg":"Starting PostgreSQL server","data_dir":"/data/pg_data"}
{"time":"2026-01-08T16:40:32.474384753Z","level":"INFO","msg":"Starting PostgreSQL with configuration","port":5432,"dataDir":"/data/pg_data","configFile":"/data/pg_data/postgresql.conf"}
server starting
{"time":"2026-01-08T16:40:32.478213021Z","level":"INFO","msg":"Waiting for PostgreSQL to be ready"}
{"time":"2026-01-08T16:40:32.838404993Z","level":"INFO","msg":"PostgreSQL server started successfully"}
{"time":"2026-01-08T16:40:33.522558059Z","level":"INFO","msg":"PostgreSQL server started successfully"}
{"time":"2026-01-08T16:40:33.522577226Z","level":"INFO","msg":"PostgreSQL server restarted as standby successfully","pid":12262}
{"time":"2026-01-08T16:40:36.643847495Z","level":"INFO","msg":"gRPC Stop request","mode":"fast","trace_id":"1a275b002d36f3e083540154cf3538ce","span_id":"43a949dbf36f3049"}
{"time":"2026-01-08T16:40:36.643991079Z","level":"INFO","msg":"Stopping PostgreSQL server","data_dir":"/data/pg_data","mode":"fast"}
{"time":"2026-01-08T16:40:36.644004037Z","level":"INFO","msg":"Taking checkpoint before stopping PostgreSQL","data_dir":"/data/pg_data"}
{"time":"2026-01-08T16:40:36.655501716Z","level":"INFO","msg":"Checkpoint completed successfully","data_dir":"/data/pg_data"}
waiting for server to shut down.... done
server stopped
{"time":"2026-01-08T16:40:36.758332654Z","level":"INFO","msg":"PostgreSQL server stopped successfully"}
{"time":"2026-01-08T16:40:36.758829531Z","level":"INFO","msg":"gRPC PgRewind request","source_host":"multipooler-zone1-1.multipooler-zone1.default.svc.cluster.local","source_port":5432,"dry_run":true,"trace_id":"1a275b002d36f3e083540154cf3538ce","span_id":"7ee7e46733455866"}
{"time":"2026-01-08T16:40:37.168025024Z","level":"INFO","msg":"gRPC PgRewind request","source_host":"multipooler-zone1-1.multipooler-zone1.default.svc.cluster.local","source_port":5432,"dry_run":false,"trace_id":"1a275b002d36f3e083540154cf3538ce","span_id":"bf4577d9e0e6eec5"}
{"time":"2026-01-08T16:40:37.481962613Z","level":"INFO","msg":"gRPC Restart request","mode":"fast","port":0,"as_standby":true,"trace_id":"1a275b002d36f3e083540154cf3538ce","span_id":"8c2e845b29a2198e"}
{"time":"2026-01-08T16:40:37.482011822Z","level":"INFO","msg":"Restarting PostgreSQL server as standby","data_dir":"/data/pg_data","mode":"fast"}
{"time":"2026-01-08T16:40:37.482071364Z","level":"INFO","msg":"PostgreSQL is not running, proceeding with start"}
{"time":"2026-01-08T16:40:37.482096364Z","level":"INFO","msg":"Creating standby.signal file","path":"/data/pg_data/standby.signal"}
{"time":"2026-01-08T16:40:37.482261115Z","level":"INFO","msg":"standby.signal created successfully","path":"/data/pg_data/standby.signal"}
{"time":"2026-01-08T16:40:37.482283781Z","level":"INFO","msg":"Starting PostgreSQL server as standby","data_dir":"/data/pg_data","port":5432,"timeout":30}
{"time":"2026-01-08T16:40:37.482349073Z","level":"INFO","msg":"Ensured Unix socket directory exists","socket_dir":"/data/pg_sockets"}
{"time":"2026-01-08T16:40:37.48236599Z","level":"INFO","msg":"Starting PostgreSQL server","data_dir":"/data/pg_data"}
{"time":"2026-01-08T16:40:37.482375865Z","level":"INFO","msg":"Starting PostgreSQL with configuration","port":5432,"dataDir":"/data/pg_data","configFile":"/data/pg_data/postgresql.conf"}
server starting
{"time":"2026-01-08T16:40:37.485662797Z","level":"INFO","msg":"Waiting for PostgreSQL to be ready"}
{"time":"2026-01-08T16:40:38.525650107Z","level":"INFO","msg":"PostgreSQL server started successfully"}
{"time":"2026-01-08T16:40:38.525746816Z","level":"INFO","msg":"PostgreSQL server restarted as standby successfully","pid":12355}
