
state 0
	$accept: .parse_toplevel $end 
	stmt: .    (5)

	.  reduce 5 (src line 213)

	parse_toplevel  goto 1
	stmtmulti  goto 2
	toplevel_stmt  goto 3
	stmt  goto 4

state 1
	$accept:  parse_toplevel.$end 

	$end  accept
	.  error


state 2
	parse_toplevel:  stmtmulti.    (1)
	stmtmulti:  stmtmulti.';' toplevel_stmt 

	';'  shift 5
	.  reduce 1 (src line 163)


state 3
	stmtmulti:  toplevel_stmt.    (3)

	.  reduce 3 (src line 187)


state 4
	toplevel_stmt:  stmt.    (4)

	.  reduce 4 (src line 201)


state 5
	stmtmulti:  stmtmulti ';'.toplevel_stmt 
	stmt: .    (5)

	.  reduce 5 (src line 213)

	toplevel_stmt  goto 6
	stmt  goto 4

state 6
	stmtmulti:  stmtmulti ';' toplevel_stmt.    (2)

	.  reduce 2 (src line 178)

Rule not reduced: opt_single_name:  ColId 
Rule not reduced: opt_single_name:  
Rule not reduced: opt_qualified_name:  qualified_name 
Rule not reduced: opt_qualified_name:  
Rule not reduced: opt_drop_behavior:  CASCADE 
Rule not reduced: opt_drop_behavior:  RESTRICT 
Rule not reduced: opt_drop_behavior:  
Rule not reduced: opt_if_exists:  IF_P EXISTS 
Rule not reduced: opt_if_exists:  
Rule not reduced: opt_if_not_exists:  IF_P NOT EXISTS 
Rule not reduced: opt_if_not_exists:  
Rule not reduced: opt_or_replace:  OR REPLACE 
Rule not reduced: opt_or_replace:  
Rule not reduced: opt_concurrently:  CONCURRENTLY 
Rule not reduced: opt_concurrently:  
Rule not reduced: opt_with:  WITH IDENT 
Rule not reduced: opt_with:  
Rule not reduced: OptWith:  WITH 
Rule not reduced: OptWith:  WITH_LA 
Rule not reduced: OptWith:  WITHOUT_LA 
Rule not reduced: OptWith:  
Rule not reduced: ColId:  IDENT 
Rule not reduced: ColId:  unreserved_keyword 
Rule not reduced: ColId:  col_name_keyword 
Rule not reduced: ColLabel:  IDENT 
Rule not reduced: ColLabel:  unreserved_keyword 
Rule not reduced: ColLabel:  col_name_keyword 
Rule not reduced: ColLabel:  type_func_name_keyword 
Rule not reduced: ColLabel:  reserved_keyword 
Rule not reduced: name:  ColId 
Rule not reduced: name_list:  name 
Rule not reduced: name_list:  name_list ',' name 
Rule not reduced: qualified_name:  ColId 
Rule not reduced: qualified_name:  ColId '.' ColId 
Rule not reduced: qualified_name:  ColId indirection 
Rule not reduced: qualified_name_list:  qualified_name 
Rule not reduced: qualified_name_list:  qualified_name_list ',' qualified_name 
Rule not reduced: any_name:  ColId 
Rule not reduced: any_name:  ColId '.' ColId 
Rule not reduced: any_name:  ColId attrs 
Rule not reduced: any_name_list:  any_name 
Rule not reduced: any_name_list:  any_name_list ',' any_name 
Rule not reduced: unreserved_keyword:  ALL 
Rule not reduced: col_name_keyword:  IDENT 
Rule not reduced: type_func_name_keyword:  IDENT 
Rule not reduced: reserved_keyword:  CREATE 
Rule not reduced: reserved_keyword:  DROP 
Rule not reduced: reserved_keyword:  ALTER 
Rule not reduced: a_expr:  c_expr 
Rule not reduced: a_expr:  '+' a_expr 
Rule not reduced: a_expr:  '-' a_expr 
Rule not reduced: a_expr:  a_expr TYPECAST Typename 
Rule not reduced: a_expr:  a_expr '+' a_expr 
Rule not reduced: a_expr:  a_expr '-' a_expr 
Rule not reduced: a_expr:  a_expr '*' a_expr 
Rule not reduced: a_expr:  a_expr '/' a_expr 
Rule not reduced: a_expr:  a_expr '%' a_expr 
Rule not reduced: a_expr:  a_expr '^' a_expr 
Rule not reduced: a_expr:  a_expr '<' a_expr 
Rule not reduced: a_expr:  a_expr '>' a_expr 
Rule not reduced: a_expr:  a_expr '=' a_expr 
Rule not reduced: a_expr:  a_expr LESS_EQUALS a_expr 
Rule not reduced: a_expr:  a_expr GREATER_EQUALS a_expr 
Rule not reduced: a_expr:  a_expr NOT_EQUALS a_expr 
Rule not reduced: a_expr:  a_expr AND a_expr 
Rule not reduced: a_expr:  a_expr OR a_expr 
Rule not reduced: a_expr:  NOT a_expr 
Rule not reduced: a_expr:  a_expr IS NULL_P 
Rule not reduced: a_expr:  a_expr ISNULL 
Rule not reduced: a_expr:  a_expr IS NOT NULL_P 
Rule not reduced: a_expr:  a_expr NOTNULL 
Rule not reduced: a_expr:  a_expr LIKE a_expr 
Rule not reduced: a_expr:  a_expr LIKE a_expr ESCAPE a_expr 
Rule not reduced: a_expr:  a_expr NOT_LA LIKE a_expr 
Rule not reduced: a_expr:  a_expr NOT_LA LIKE a_expr ESCAPE a_expr 
Rule not reduced: a_expr:  a_expr ILIKE a_expr 
Rule not reduced: a_expr:  a_expr ILIKE a_expr ESCAPE a_expr 
Rule not reduced: a_expr:  a_expr NOT_LA ILIKE a_expr 
Rule not reduced: a_expr:  a_expr NOT_LA ILIKE a_expr ESCAPE a_expr 
Rule not reduced: a_expr:  a_expr COLLATE any_name 
Rule not reduced: a_expr:  a_expr AT TIME ZONE a_expr 
Rule not reduced: a_expr:  a_expr AT LOCAL 
Rule not reduced: a_expr:  a_expr qual_Op a_expr 
Rule not reduced: a_expr:  qual_Op a_expr 
Rule not reduced: a_expr:  a_expr BETWEEN opt_asymmetric b_expr AND a_expr 
Rule not reduced: a_expr:  a_expr NOT_LA BETWEEN opt_asymmetric b_expr AND a_expr 
Rule not reduced: a_expr:  a_expr BETWEEN SYMMETRIC b_expr AND a_expr 
Rule not reduced: a_expr:  a_expr NOT_LA BETWEEN SYMMETRIC b_expr AND a_expr 
Rule not reduced: a_expr:  a_expr IN_P in_expr 
Rule not reduced: a_expr:  a_expr NOT_LA IN_P in_expr 
Rule not reduced: a_expr:  a_expr SIMILAR TO a_expr 
Rule not reduced: a_expr:  a_expr SIMILAR TO a_expr ESCAPE a_expr 
Rule not reduced: a_expr:  a_expr NOT_LA SIMILAR TO a_expr 
Rule not reduced: a_expr:  a_expr NOT_LA SIMILAR TO a_expr ESCAPE a_expr 
Rule not reduced: b_expr:  c_expr 
Rule not reduced: b_expr:  b_expr TYPECAST Typename 
Rule not reduced: b_expr:  '+' b_expr 
Rule not reduced: b_expr:  '-' b_expr 
Rule not reduced: b_expr:  b_expr '+' b_expr 
Rule not reduced: b_expr:  b_expr '-' b_expr 
Rule not reduced: b_expr:  b_expr '*' b_expr 
Rule not reduced: b_expr:  b_expr '/' b_expr 
Rule not reduced: b_expr:  b_expr '%' b_expr 
Rule not reduced: b_expr:  b_expr '^' b_expr 
Rule not reduced: b_expr:  b_expr '<' b_expr 
Rule not reduced: b_expr:  b_expr '>' b_expr 
Rule not reduced: b_expr:  b_expr '=' b_expr 
Rule not reduced: b_expr:  b_expr LESS_EQUALS b_expr 
Rule not reduced: b_expr:  b_expr GREATER_EQUALS b_expr 
Rule not reduced: b_expr:  b_expr NOT_EQUALS b_expr 
Rule not reduced: c_expr:  columnref 
Rule not reduced: c_expr:  AexprConst 
Rule not reduced: c_expr:  PARAM opt_indirection 
Rule not reduced: c_expr:  '(' a_expr ')' opt_indirection 
Rule not reduced: c_expr:  func_expr 
Rule not reduced: AexprConst:  Iconst 
Rule not reduced: AexprConst:  FCONST 
Rule not reduced: AexprConst:  Sconst 
Rule not reduced: AexprConst:  TRUE_P 
Rule not reduced: AexprConst:  FALSE_P 
Rule not reduced: AexprConst:  NULL_P 
Rule not reduced: Iconst:  ICONST 
Rule not reduced: Sconst:  SCONST 
Rule not reduced: SignedIconst:  Iconst 
Rule not reduced: SignedIconst:  '+' Iconst 
Rule not reduced: SignedIconst:  '-' Iconst 
Rule not reduced: columnref:  ColId 
Rule not reduced: columnref:  ColId indirection 
Rule not reduced: indirection:  indirection_el 
Rule not reduced: indirection:  indirection indirection_el 
Rule not reduced: opt_slice_bound:  a_expr 
Rule not reduced: opt_slice_bound:  
Rule not reduced: indirection_el:  '.' ColId 
Rule not reduced: indirection_el:  '.' '*' 
Rule not reduced: indirection_el:  '[' a_expr ']' 
Rule not reduced: indirection_el:  '[' opt_slice_bound ':' opt_slice_bound ']' 
Rule not reduced: opt_indirection:  
Rule not reduced: opt_indirection:  opt_indirection indirection_el 
Rule not reduced: func_expr:  func_application within_group_clause filter_clause over_clause 
Rule not reduced: func_name:  type_function_name 
Rule not reduced: func_name:  ColId indirection 
Rule not reduced: func_application:  func_name '(' ')' 
Rule not reduced: func_application:  func_name '(' func_arg_list opt_sort_clause ')' 
Rule not reduced: func_application:  func_name '(' VARIADIC func_arg_expr opt_sort_clause ')' 
Rule not reduced: func_application:  func_name '(' func_arg_list ',' VARIADIC func_arg_expr opt_sort_clause ')' 
Rule not reduced: func_application:  func_name '(' ALL func_arg_list opt_sort_clause ')' 
Rule not reduced: func_application:  func_name '(' DISTINCT func_arg_list opt_sort_clause ')' 
Rule not reduced: func_arg_list:  func_arg_expr 
Rule not reduced: func_arg_list:  func_arg_list ',' func_arg_expr 
Rule not reduced: func_arg_expr:  a_expr 
Rule not reduced: func_arg_expr:  param_name COLON_EQUALS a_expr 
Rule not reduced: func_arg_expr:  param_name EQUALS_GREATER a_expr 
Rule not reduced: expr_list:  a_expr 
Rule not reduced: expr_list:  expr_list ',' a_expr 
Rule not reduced: Typename:  SimpleTypename 
Rule not reduced: SimpleTypename:  GenericType 
Rule not reduced: SimpleTypename:  Numeric 
Rule not reduced: SimpleTypename:  Bit 
Rule not reduced: SimpleTypename:  Character 
Rule not reduced: SimpleTypename:  ConstDatetime 
Rule not reduced: type_function_name:  ColId 
Rule not reduced: type_function_name:  unreserved_keyword 
Rule not reduced: type_function_name:  type_func_name_keyword 
Rule not reduced: attr_name:  ColLabel 
Rule not reduced: param_name:  type_function_name 
Rule not reduced: attrs:  '.' attr_name 
Rule not reduced: attrs:  attrs '.' attr_name 
Rule not reduced: opt_type_modifiers:  '(' expr_list ')' 
Rule not reduced: opt_type_modifiers:  
Rule not reduced: GenericType:  type_function_name opt_type_modifiers 
Rule not reduced: GenericType:  type_function_name attrs opt_type_modifiers 
Rule not reduced: Numeric:  INT_P 
Rule not reduced: Numeric:  INTEGER 
Rule not reduced: Numeric:  SMALLINT 
Rule not reduced: Numeric:  BIGINT 
Rule not reduced: Numeric:  REAL 
Rule not reduced: Numeric:  FLOAT_P opt_float 
Rule not reduced: Numeric:  DOUBLE_P PRECISION 
Rule not reduced: Numeric:  DECIMAL_P opt_type_modifiers 
Rule not reduced: Numeric:  DEC opt_type_modifiers 
Rule not reduced: Numeric:  NUMERIC opt_type_modifiers 
Rule not reduced: Numeric:  BOOLEAN_P 
Rule not reduced: Bit:  BitWithLength 
Rule not reduced: Bit:  BitWithoutLength 
Rule not reduced: Character:  CharacterWithLength 
Rule not reduced: Character:  CharacterWithoutLength 
Rule not reduced: character:  CHARACTER opt_varying 
Rule not reduced: character:  CHAR_P opt_varying 
Rule not reduced: character:  VARCHAR 
Rule not reduced: character:  NATIONAL CHARACTER opt_varying 
Rule not reduced: character:  NATIONAL CHAR_P opt_varying 
Rule not reduced: character:  NCHAR opt_varying 
Rule not reduced: CharacterWithLength:  character '(' Iconst ')' 
Rule not reduced: CharacterWithoutLength:  character 
Rule not reduced: BitWithLength:  BIT opt_varying '(' expr_list ')' 
Rule not reduced: BitWithoutLength:  BIT opt_varying 
Rule not reduced: ConstDatetime:  TIMESTAMP '(' Iconst ')' opt_timezone 
Rule not reduced: ConstDatetime:  TIMESTAMP opt_timezone 
Rule not reduced: ConstDatetime:  TIME '(' Iconst ')' opt_timezone 
Rule not reduced: ConstDatetime:  TIME opt_timezone 
Rule not reduced: opt_timezone:  WITH_LA TIME ZONE 
Rule not reduced: opt_timezone:  WITHOUT_LA TIME ZONE 
Rule not reduced: opt_timezone:  
Rule not reduced: opt_varying:  VARYING 
Rule not reduced: opt_varying:  
Rule not reduced: opt_float:  '(' Iconst ')' 
Rule not reduced: opt_float:  
Rule not reduced: qual_Op:  Op 
Rule not reduced: qual_Op:  OPERATOR '(' any_operator ')' 
Rule not reduced: all_Op:  Op 
Rule not reduced: all_Op:  MathOp 
Rule not reduced: MathOp:  '+' 
Rule not reduced: MathOp:  '-' 
Rule not reduced: MathOp:  '*' 
Rule not reduced: MathOp:  '/' 
Rule not reduced: MathOp:  '%' 
Rule not reduced: MathOp:  '^' 
Rule not reduced: MathOp:  '<' 
Rule not reduced: MathOp:  '>' 
Rule not reduced: MathOp:  '=' 
Rule not reduced: MathOp:  LESS_EQUALS 
Rule not reduced: MathOp:  GREATER_EQUALS 
Rule not reduced: MathOp:  NOT_EQUALS 
Rule not reduced: any_operator:  all_Op 
Rule not reduced: any_operator:  ColId '.' any_operator 
Rule not reduced: opt_sort_clause:  
Rule not reduced: within_group_clause:  
Rule not reduced: filter_clause:  
Rule not reduced: over_clause:  
Rule not reduced: opt_asymmetric:  
Rule not reduced: opt_asymmetric:  ASYMMETRIC 
Rule not reduced: in_expr:  '(' expr_list ')' 

117 terminals, 74 nonterminals
238 grammar rules, 7/16000 states
0 shift/reduce, 0 reduce/reduce conflicts reported
123 working sets used
memory: parser 5/240000
0 extra closures
1 shift entries, 1 exceptions
74 goto entries
-68 entries saved by goto default
Optimizer space used: output 8/240000
8 table entries, 2 zero
maximum spread: 110, maximum offset: 110
