
state 0
	$accept: .placeholder_start $end 

	PLACEHOLDER_TOKEN  shift 2
	.  error

	placeholder_start  goto 1

state 1
	$accept:  placeholder_start.$end 

	$end  accept
	.  error


state 2
	placeholder_start:  PLACEHOLDER_TOKEN.    (1)

	.  reduce 1 (src line 37)


4 terminals, 2 nonterminals
2 grammar rules, 3/16000 states
0 shift/reduce, 0 reduce/reduce conflicts reported
51 working sets used
memory: parser 0/240000
0 extra closures
1 shift entries, 1 exceptions
1 goto entries
0 entries saved by goto default
Optimizer space used: output 2/240000
2 table entries, 0 zero
maximum spread: 4, maximum offset: 4
